[debug] [2023-07-22T15:18:42.438Z] ----------------------------------------------------------------------
[debug] [2023-07-22T15:18:42.441Z] Command:       /usr/bin/node /usr/bin/firebase init
[debug] [2023-07-22T15:18:42.442Z] CLI Version:   12.4.5
[debug] [2023-07-22T15:18:42.442Z] Platform:      linux
[debug] [2023-07-22T15:18:42.442Z] Node Version:  v18.17.0
[debug] [2023-07-22T15:18:42.443Z] Time:          Sat Jul 22 2023 10:18:42 GMT-0500 (Colombia Standard Time)
[debug] [2023-07-22T15:18:42.443Z] ----------------------------------------------------------------------
[debug] 
[debug] [2023-07-22T15:18:42.451Z] > command requires scopes: ["email","openid","https://www.googleapis.com/auth/cloudplatformprojects.readonly","https://www.googleapis.com/auth/firebase","https://www.googleapis.com/auth/cloud-platform"]
[debug] [2023-07-22T15:18:42.452Z] > authorizing via signed-in user (pachecomorahectordavid@gmail.com)
[info] 
     ######## #### ########  ######## ########     ###     ######  ########
     ##        ##  ##     ## ##       ##     ##  ##   ##  ##       ##
     ######    ##  ########  ######   ########  #########  ######  ######
     ##        ##  ##    ##  ##       ##     ## ##     ##       ## ##
     ##       #### ##     ## ######## ########  ##     ##  ######  ########

You're about to initialize a Firebase project in this directory:

  /home/david/Desktop/PROGRAMACION/FIRE

Before we get started, keep in mind:

  * You are currently outside your home directory

[info] 
=== Project Setup
[info] 
[info] First, let's associate this project directory with a Firebase project.
[info] You can create multiple project aliases by running firebase use --add, 
[info] but for now we'll just set up a default project.
[info] 
[debug] [2023-07-22T15:22:04.545Z] >>> [apiv2][query] GET https://firebase.googleapis.com/v1beta1/projects pageSize=100
[debug] [2023-07-22T15:22:05.161Z] <<< [apiv2][status] GET https://firebase.googleapis.com/v1beta1/projects 200
[debug] [2023-07-22T15:22:05.162Z] <<< [apiv2][body] GET https://firebase.googleapis.com/v1beta1/projects [omitted]
[info] i  Using project fire-e16ec (fire) 
[info] 
=== Hosting Setup
[info] 
[info] Your public directory is the folder (relative to your project directory) that
[info] will contain Hosting assets to be uploaded with firebase deploy. If you
[info] have a build process for your assets, use your build's output directory.
[info] 
[info] ✔  Wrote y/404.html 
[debug] [2023-07-22T15:23:35.462Z] >>> [apiv2][query] GET https://www.gstatic.com/firebasejs/releases.json [none]
[debug] [2023-07-22T15:23:35.654Z] <<< [apiv2][status] GET https://www.gstatic.com/firebasejs/releases.json 200
[debug] [2023-07-22T15:23:35.654Z] <<< [apiv2][body] GET https://www.gstatic.com/firebasejs/releases.json {"current":{"version":"10.1.0","browserURL":"https://www.gstatic.com/firebasejs/10.1.0/firebase.js","packageURL":"https://www.gstatic.com/firebasejs/10.1.0/firebase.tgz"},"live":{"version":"10.1","browserURL":"https://www.gstatic.com/firebasejs/live/10.1/firebase.js","packageURL":"https://www.gstatic.com/firebasejs/live/10.1/firebase.tgz"},"components":{"analytics":"https://www.gstatic.com/firebasejs/10.1.0/firebase-analytics.js","app":"https://www.gstatic.com/firebasejs/10.1.0/firebase-app.js","app-check":"https://www.gstatic.com/firebasejs/10.1.0/firebase-app-check.js","auth":"https://www.gstatic.com/firebasejs/10.1.0/firebase-auth.js","auth/cordova":"https://www.gstatic.com/firebasejs/10.1.0/firebase-auth/cordova.js","functions":"https://www.gstatic.com/firebasejs/10.1.0/firebase-functions.js","firestore":"https://www.gstatic.com/firebasejs/10.1.0/firebase-firestore.js","firestore/lite":"https://www.gstatic.com/firebasejs/10.1.0/firebase-firestore/lite.js","installations":"https://www.gstatic.com/firebasejs/10.1.0/firebase-installations.js","storage":"https://www.gstatic.com/firebasejs/10.1.0/firebase-storage.js","performance":"https://www.gstatic.com/firebasejs/10.1.0/firebase-performance.js","remote-config":"https://www.gstatic.com/firebasejs/10.1.0/firebase-remote-config.js","messaging":"https://www.gstatic.com/firebasejs/10.1.0/firebase-messaging.js","messaging/sw":"https://www.gstatic.com/firebasejs/10.1.0/firebase-messaging/sw.js","database":"https://www.gstatic.com/firebasejs/10.1.0/firebase-database.js","firestore.memory":"https://www.gstatic.com/firebasejs/10.1.0/firebase-firestore.memory.js"}}
[info] ✔  Wrote y/index.html 
[info] 
[info] i  Didn't detect a .git folder. Assuming /home/david/Desktop/PROGRAMACION/FIRE is the project root. 
[info] i  Authorizing with GitHub to upload your service account to a GitHub repository's secrets store. 
[info] 
[info] Visit this URL on this device to log in:
[info] https://github.com/login/oauth/authorize?client_id=89cf50f02ac6aaed3484&state=751930293&redirect_uri=http%3A%2F%2Flocalhost%3A9005&scope=read%3Auser%20repo%20public_repo
[info] 
[info] Waiting for authentication...
[debug] [2023-07-22T15:23:52.972Z] >>> [apiv2][query] POST https://github.com/login/oauth/access_token [none]
[debug] [2023-07-22T15:23:52.975Z] >>> [apiv2][body] POST https://github.com/login/oauth/access_token [stream]
[debug] [2023-07-22T15:23:53.533Z] <<< [apiv2][status] POST https://github.com/login/oauth/access_token 200
[debug] [2023-07-22T15:23:53.533Z] <<< [apiv2][body] POST https://github.com/login/oauth/access_token {"access_token":"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","token_type":"bearer","scope":"read:user,repo"}
[debug] [2023-07-22T15:23:53.552Z] >>> [apiv2][query] GET https://api.github.com/user [none]
[debug] [2023-07-22T15:23:54.071Z] <<< [apiv2][status] GET https://api.github.com/user 200
[debug] [2023-07-22T15:23:54.072Z] <<< [apiv2][body] GET https://api.github.com/user {"login":"SplashyCoder","id":56050306,"node_id":"MDQ6VXNlcjU2MDUwMzA2","avatar_url":"https://avatars.githubusercontent.com/u/56050306?v=4","gravatar_id":"","url":"https://api.github.com/users/SplashyCoder","html_url":"https://github.com/SplashyCoder","followers_url":"https://api.github.com/users/SplashyCoder/followers","following_url":"https://api.github.com/users/SplashyCoder/following{/other_user}","gists_url":"https://api.github.com/users/SplashyCoder/gists{/gist_id}","starred_url":"https://api.github.com/users/SplashyCoder/starred{/owner}{/repo}","subscriptions_url":"https://api.github.com/users/SplashyCoder/subscriptions","organizations_url":"https://api.github.com/users/SplashyCoder/orgs","repos_url":"https://api.github.com/users/SplashyCoder/repos","events_url":"https://api.github.com/users/SplashyCoder/events{/privacy}","received_events_url":"https://api.github.com/users/SplashyCoder/received_events","type":"User","site_admin":false,"name":null,"company":null,"blog":"","location":null,"email":null,"hireable":null,"bio":null,"twitter_username":null,"public_repos":40,"public_gists":0,"followers":0,"following":0,"created_at":"2019-10-01T21:17:50Z","updated_at":"2023-04-15T04:09:33Z","private_gists":0,"total_private_repos":3,"owned_private_repos":3,"disk_usage":277340,"collaborators":0,"two_factor_authentication":false,"plan":{"name":"free","space":976562499,"collaborators":0,"private_repos":10000}}
[info] 
[info] ✔  Success! Logged into GitHub as SplashyCoder 
[info] 
